[0m23:35:02.345951 [debug] [MainThread]: Sending event: {'category': 'dbt', 'action': 'invocation', 'label': 'start', 'context': [<snowplow_tracker.self_describing_json.SelfDescribingJson object at 0x000001E3809A2F90>, <snowplow_tracker.self_describing_json.SelfDescribingJson object at 0x000001E380912ED0>, <snowplow_tracker.self_describing_json.SelfDescribingJson object at 0x000001E380B08710>]}


============================== 23:35:02.363721 | 05c1af45-9ee8-4b46-94c0-8a13bc0c5970 ==============================
[0m23:35:02.363721 [info ] [MainThread]: Running with dbt=1.7.16
[0m23:35:02.364607 [debug] [MainThread]: running dbt with arguments {'printer_width': '80', 'indirect_selection': 'eager', 'write_json': 'True', 'log_cache_events': 'False', 'partial_parse': 'True', 'cache_selected_only': 'False', 'profiles_dir': 'C:\\Users\\scott\\.dbt', 'debug': 'False', 'fail_fast': 'False', 'log_path': 'logs', 'warn_error': 'None', 'version_check': 'True', 'use_colors': 'True', 'use_experimental_parser': 'False', 'no_print': 'None', 'quiet': 'False', 'log_format': 'default', 'introspect': 'True', 'invocation_command': 'dbt init dbt', 'warn_error_options': 'WarnErrorOptions(include=[], exclude=[])', 'target_path': 'None', 'static_parser': 'True', 'send_anonymous_usage_stats': 'True'}
[0m23:35:12.374944 [debug] [MainThread]: Starter project path: C:\Users\scott\git\dbt_practice\venv\Lib\site-packages\dbt\include\starter_project
[0m23:35:12.490133 [info ] [MainThread]: 
Your new dbt project "dbt_pipeline" was created!

For more information on how to configure the profiles.yml file,
please consult the dbt documentation here:

  https://docs.getdbt.com/docs/configure-your-profile

One more thing:

Need help? Don't hesitate to reach out to us via GitHub issues or on Slack:

  https://community.getdbt.com/

Happy modeling!

[0m23:35:12.498146 [info ] [MainThread]: Setting up your profile.
[0m23:40:24.084654 [info ] [MainThread]: Profile dbt_pipeline written to C:\Users\scott\.dbt\profiles.yml using target's profile_template.yml and your supplied values. Run 'dbt debug' to validate the connection.
[0m23:40:24.094793 [debug] [MainThread]: Command `dbt init` succeeded at 23:40:24.094793 after 321.88 seconds
[0m23:40:24.094793 [debug] [MainThread]: Sending event: {'category': 'dbt', 'action': 'invocation', 'label': 'end', 'context': [<snowplow_tracker.self_describing_json.SelfDescribingJson object at 0x000001E3FA357C10>, <snowplow_tracker.self_describing_json.SelfDescribingJson object at 0x000001E3FA357D10>, <snowplow_tracker.self_describing_json.SelfDescribingJson object at 0x000001E3FA357CD0>]}
[0m23:40:24.094793 [debug] [MainThread]: Flushing usage events
[0m00:19:52.128246 [debug] [MainThread]: Sending event: {'category': 'dbt', 'action': 'invocation', 'label': 'start', 'context': [<snowplow_tracker.self_describing_json.SelfDescribingJson object at 0x0000023AC80D8710>, <snowplow_tracker.self_describing_json.SelfDescribingJson object at 0x0000023AC811C290>, <snowplow_tracker.self_describing_json.SelfDescribingJson object at 0x0000023AC80D9610>]}


============================== 00:19:52.143905 | 37fe1695-7b5e-49c1-ab9c-3b0c4b2401d9 ==============================
[0m00:19:52.143905 [info ] [MainThread]: Running with dbt=1.7.16
[0m00:19:52.143905 [debug] [MainThread]: running dbt with arguments {'printer_width': '80', 'indirect_selection': 'eager', 'log_cache_events': 'False', 'write_json': 'True', 'partial_parse': 'True', 'cache_selected_only': 'False', 'warn_error': 'None', 'version_check': 'True', 'profiles_dir': 'C:\\Users\\scott\\.dbt', 'log_path': 'logs', 'fail_fast': 'False', 'debug': 'False', 'use_colors': 'True', 'use_experimental_parser': 'False', 'no_print': 'None', 'quiet': 'False', 'warn_error_options': 'WarnErrorOptions(include=[], exclude=[])', 'invocation_command': 'dbt run', 'static_parser': 'True', 'introspect': 'True', 'target_path': 'None', 'log_format': 'default', 'send_anonymous_usage_stats': 'True'}
[0m00:19:52.143905 [error] [MainThread]: Encountered an error:
Runtime Error
  No dbt_project.yml found at expected path C:\Users\scott\git\dbt_practice\dbt_project.yml
  Verify that each entry within packages.yml (and their transitive dependencies) contains a file named dbt_project.yml
  
[0m00:19:52.143905 [debug] [MainThread]: Command `dbt run` failed at 00:19:52.143905 after 0.16 seconds
[0m00:19:52.143905 [debug] [MainThread]: Sending event: {'category': 'dbt', 'action': 'invocation', 'label': 'end', 'context': [<snowplow_tracker.self_describing_json.SelfDescribingJson object at 0x0000023AC80CFA10>, <snowplow_tracker.self_describing_json.SelfDescribingJson object at 0x0000023AC8125150>, <snowplow_tracker.self_describing_json.SelfDescribingJson object at 0x0000023AC81241D0>]}
[0m00:19:52.143905 [debug] [MainThread]: Flushing usage events
